# JRE version: OpenJDK Runtime Environment Temurin-17.0.8.1+1 (17.0.8.1+1) (build 17.0.8.1+1)
# Java VM: OpenJDK 64-Bit Server VM Temurin-17.0.8.1+1 (17.0.8.1+1, mixed mode, tiered, compressed oops, compressed class ptrs, parallel gc, windows-amd64)
GC Precious Log:
 CPUs: 4 total, 4 available
 Memory: 8104M
 Large Page Support: Disabled
 NUMA Support: Disabled
 Compressed Oops: Enabled (32-bit)
 Alignments: Space 512K, Generation 512K, Heap 2M
 Heap Min Capacity: 100M
 Heap Initial Capacity: 100M
 Heap Max Capacity: 1G
 Pre-touch: Disabled
 Parallel Workers: 4
Heap:
 PSYoungGen      total 2560K, used 512K [0x00000000eab00000, 0x00000000eb000000, 0x0000000100000000)
  eden space 2048K, 0% used [0x00000000eab00000,0x00000000eab00000,0x00000000ead00000)
  from space 512K, 100% used [0x00000000eae80000,0x00000000eaf00000,0x00000000eaf00000)
  to   space 1536K, 0% used [0x00000000ead00000,0x00000000ead00000,0x00000000eae80000)
 ParOldGen       total 321024K, used 320985K [0x00000000c0000000, 0x00000000d3980000, 0x00000000eab00000)
  object space 321024K, 99% used [0x00000000c0000000,0x00000000d3976588,0x00000000d3980000)
 Metaspace       used 108931K, committed 110336K, reserved 1179648K
  class space    used 10521K, committed 11200K, reserved 1048576K
GC Heap History (20 events):
Event: 249871.080 GC heap after
{Heap after GC invocations=39398 (full 764):
 PSYoungGen      total 3072K, used 480K [0x00000000eab00000, 0x00000000eaf00000, 0x0000000100000000)
  eden space 2048K, 0% used [0x00000000eab00000,0x00000000eab00000,0x00000000ead00000)
  from space 1024K, 46% used [0x00000000ead00000,0x00000000ead78000,0x00000000eae00000)
  to   space 1024K, 0% used [0x00000000eae00000,0x00000000eae00000,0x00000000eaf00000)
 ParOldGen       total 318464K, used 308233K [0x00000000c0000000, 0x00000000d3700000, 0x00000000eab00000)
  object space 318464K, 96% used [0x00000000c0000000,0x00000000d2d026d8,0x00000000d3700000)
 Metaspace       used 108931K, committed 110336K, reserved 1179648K
  class space    used 10521K, committed 11200K, reserved 1048576K
}
Event: 249871.089 GC heap before
{Heap before GC invocations=39399 (full 764):
 PSYoungGen      total 3072K, used 2528K [0x00000000eab00000, 0x00000000eaf00000, 0x0000000100000000)
  eden space 2048K, 100% used [0x00000000eab00000,0x00000000ead00000,0x00000000ead00000)
  from space 1024K, 46% used [0x00000000ead00000,0x00000000ead78000,0x00000000eae00000)
  to   space 1024K, 0% used [0x00000000eae00000,0x00000000eae00000,0x00000000eaf00000)
 ParOldGen       total 318464K, used 308233K [0x00000000c0000000, 0x00000000d3700000, 0x00000000eab00000)
  object space 318464K, 96% used [0x00000000c0000000,0x00000000d2d026d8,0x00000000d3700000)
 Metaspace       used 108931K, committed 110336K, reserved 1179648K
  class space    used 10521K, committed 11200K, reserved 1048576K
}
Event: 249871.091 GC heap after
{Heap after GC invocations=39399 (full 764):
 PSYoungGen      total 3072K, used 832K [0x00000000eab00000, 0x00000000eaf00000, 0x0000000100000000)
  eden space 2048K, 0% used [0x00000000eab00000,0x00000000eab00000,0x00000000ead00000)
  from space 1024K, 81% used [0x00000000eae00000,0x00000000eaed0000,0x00000000eaf00000)
  to   space 1024K, 0% used [0x00000000ead00000,0x00000000ead00000,0x00000000eae00000)
 ParOldGen       total 318464K, used 308580K [0x00000000c0000000, 0x00000000d3700000, 0x00000000eab00000)
  object space 318464K, 96% used [0x00000000c0000000,0x00000000d2d592d0,0x00000000d3700000)
 Metaspace       used 108931K, committed 110336K, reserved 1179648K
  class space    used 10521K, committed 11200K, reserved 1048576K
}
Event: 249871.107 GC heap before
{Heap before GC invocations=39400 (full 764):
 PSYoungGen      total 3072K, used 2878K [0x00000000eab00000, 0x00000000eaf00000, 0x0000000100000000)
  eden space 2048K, 99% used [0x00000000eab00000,0x00000000eacff8e0,0x00000000ead00000)
  from space 1024K, 81% used [0x00000000eae00000,0x00000000eaed0000,0x00000000eaf00000)
  to   space 1024K, 0% used [0x00000000ead00000,0x00000000ead00000,0x00000000eae00000)
 ParOldGen       total 318464K, used 311005K [0x00000000c0000000, 0x00000000d3700000, 0x00000000eab00000)
  object space 318464K, 97% used [0x00000000c0000000,0x00000000d2fb7520,0x00000000d3700000)
 Metaspace       used 108931K, committed 110336K, reserved 1179648K
  class space    used 10521K, committed 11200K, reserved 1048576K
}
Event: 249871.110 GC heap after
{Heap after GC invocations=39400 (full 764):
 PSYoungGen      total 3072K, used 885K [0x00000000eab00000, 0x00000000eaf00000, 0x0000000100000000)
  eden space 2048K, 0% used [0x00000000eab00000,0x00000000eab00000,0x00000000ead00000)
  from space 1024K, 86% used [0x00000000ead00000,0x00000000eaddd7f8,0x00000000eae00000)
  to   space 1024K, 0% used [0x00000000eae00000,0x00000000eae00000,0x00000000eaf00000)
 ParOldGen       total 318464K, used 311773K [0x00000000c0000000, 0x00000000d3700000, 0x00000000eab00000)
  object space 318464K, 97% used [0x00000000c0000000,0x00000000d3077558,0x00000000d3700000)
 Metaspace       used 108931K, committed 110336K, reserved 1179648K
  class space    used 10521K, committed 11200K, reserved 1048576K
}
Event: 249871.741 GC heap before
{Heap before GC invocations=39401 (full 764):
 PSYoungGen      total 3072K, used 2933K [0x00000000eab00000, 0x00000000eaf00000, 0x0000000100000000)
  eden space 2048K, 100% used [0x00000000eab00000,0x00000000ead00000,0x00000000ead00000)
  from space 1024K, 86% used [0x00000000ead00000,0x00000000eaddd7f8,0x00000000eae00000)
  to   space 1024K, 0% used [0x00000000eae00000,0x00000000eae00000,0x00000000eaf00000)
 ParOldGen       total 318464K, used 311773K [0x00000000c0000000, 0x00000000d3700000, 0x00000000eab00000)
  object space 318464K, 97% used [0x00000000c0000000,0x00000000d3077558,0x00000000d3700000)
 Metaspace       used 108931K, committed 110336K, reserved 1179648K
  class space    used 10521K, committed 11200K, reserved 1048576K
}
Event: 249871.743 GC heap after
{Heap after GC invocations=39401 (full 764):
 PSYoungGen      total 3072K, used 592K [0x00000000eab00000, 0x00000000eaf00000, 0x0000000100000000)
  eden space 2048K, 0% used [0x00000000eab00000,0x00000000eab00000,0x00000000ead00000)
  from space 1024K, 57% used [0x00000000eae00000,0x00000000eae94010,0x00000000eaf00000)
  to   space 1024K, 0% used [0x00000000ead00000,0x00000000ead00000,0x00000000eae00000)
 ParOldGen       total 318464K, used 312409K [0x00000000c0000000, 0x00000000d3700000, 0x00000000eab00000)
  object space 318464K, 98% used [0x00000000c0000000,0x00000000d3116568,0x00000000d3700000)
 Metaspace       used 108931K, committed 110336K, reserved 1179648K
  class space    used 10521K, committed 11200K, reserved 1048576K
}
Event: 249871.755 GC heap before
{Heap before GC invocations=39402 (full 764):
 PSYoungGen      total 3072K, used 2640K [0x00000000eab00000, 0x00000000eaf00000, 0x0000000100000000)
  eden space 2048K, 100% used [0x00000000eab00000,0x00000000ead00000,0x00000000ead00000)
  from space 1024K, 57% used [0x00000000eae00000,0x00000000eae94010,0x00000000eaf00000)
  to   space 1024K, 0% used [0x00000000ead00000,0x00000000ead00000,0x00000000eae00000)
 ParOldGen       total 318464K, used 312409K [0x00000000c0000000, 0x00000000d3700000, 0x00000000eab00000)
  object space 318464K, 98% used [0x00000000c0000000,0x00000000d3116568,0x00000000d3700000)
 Metaspace       used 108931K, committed 110336K, reserved 1179648K
  class space    used 10521K, committed 11200K, reserved 1048576K
}
Event: 249871.757 GC heap after
{Heap after GC invocations=39402 (full 764):
 PSYoungGen      total 3072K, used 768K [0x00000000eab00000, 0x00000000eaf00000, 0x0000000100000000)
  eden space 2048K, 0% used [0x00000000eab00000,0x00000000eab00000,0x00000000ead00000)
  from space 1024K, 75% used [0x00000000ead00000,0x00000000eadc0000,0x00000000eae00000)
  to   space 1024K, 0% used [0x00000000eae00000,0x00000000eae00000,0x00000000eaf00000)
 ParOldGen       total 318464K, used 312942K [0x00000000c0000000, 0x00000000d3700000, 0x00000000eab00000)
  object space 318464K, 98% used [0x00000000c0000000,0x00000000d319ba00,0x00000000d3700000)
 Metaspace       used 108931K, committed 110336K, reserved 1179648K
  class space    used 10521K, committed 11200K, reserved 1048576K
}
Event: 249871.901 GC heap before
{Heap before GC invocations=39403 (full 764):
 PSYoungGen      total 3072K, used 2804K [0x00000000eab00000, 0x00000000eaf00000, 0x0000000100000000)
  eden space 2048K, 99% used [0x00000000eab00000,0x00000000eacfd100,0x00000000ead00000)
  from space 1024K, 75% used [0x00000000ead00000,0x00000000eadc0000,0x00000000eae00000)
  to   space 1024K, 0% used [0x00000000eae00000,0x00000000eae00000,0x00000000eaf00000)
 ParOldGen       total 318464K, used 315367K [0x00000000c0000000, 0x00000000d3700000, 0x00000000eab00000)
  object space 318464K, 99% used [0x00000000c0000000,0x00000000d33f9c50,0x00000000d3700000)
 Metaspace       used 108931K, committed 110336K, reserved 1179648K
  class space    used 10521K, committed 11200K, reserved 1048576K
}
Event: 249871.903 GC heap after
{Heap after GC invocations=39403 (full 764):
 PSYoungGen      total 2560K, used 320K [0x00000000eab00000, 0x00000000eae80000, 0x0000000100000000)
  eden space 2048K, 0% used [0x00000000eab00000,0x00000000eab00000,0x00000000ead00000)
  from space 512K, 62% used [0x00000000eae00000,0x00000000eae50000,0x00000000eae80000)
  to   space 512K, 0% used [0x00000000ead80000,0x00000000ead80000,0x00000000eae00000)
 ParOldGen       total 318464K, used 316082K [0x00000000c0000000, 0x00000000d3700000, 0x00000000eab00000)
  object space 318464K, 99% used [0x00000000c0000000,0x00000000d34aca98,0x00000000d3700000)
 Metaspace       used 108931K, committed 110336K, reserved 1179648K
  class space    used 10521K, committed 11200K, reserved 1048576K
}
Event: 249871.913 GC heap before
{Heap before GC invocations=39404 (full 764):
 PSYoungGen      total 2560K, used 2368K [0x00000000eab00000, 0x00000000eae80000, 0x0000000100000000)
  eden space 2048K, 100% used [0x00000000eab00000,0x00000000ead00000,0x00000000ead00000)
  from space 512K, 62% used [0x00000000eae00000,0x00000000eae50000,0x00000000eae80000)
  to   space 512K, 0% used [0x00000000ead80000,0x00000000ead80000,0x00000000eae00000)
 ParOldGen       total 318464K, used 316082K [0x00000000c0000000, 0x00000000d3700000, 0x00000000eab00000)
  object space 318464K, 99% used [0x00000000c0000000,0x00000000d34aca98,0x00000000d3700000)
 Metaspace       used 108931K, committed 110336K, reserved 1179648K
  class space    used 10521K, committed 11200K, reserved 1048576K
}
Event: 249871.916 GC heap after
{Heap after GC invocations=39404 (full 764):
 PSYoungGen      total 2560K, used 512K [0x00000000eab00000, 0x00000000eb000000, 0x0000000100000000)
  eden space 2048K, 0% used [0x00000000eab00000,0x00000000eab00000,0x00000000ead00000)
  from space 512K, 100% used [0x00000000ead80000,0x00000000eae00000,0x00000000eae00000)
  to   space 1536K, 0% used [0x00000000eae80000,0x00000000eae80000,0x00000000eb000000)
 ParOldGen       total 318464K, used 316668K [0x00000000c0000000, 0x00000000d3700000, 0x00000000eab00000)
  object space 318464K, 99% used [0x00000000c0000000,0x00000000d353f3a0,0x00000000d3700000)
 Metaspace       used 108931K, committed 110336K, reserved 1179648K
  class space    used 10521K, committed 11200K, reserved 1048576K
}
Event: 249871.938 GC heap before
{Heap before GC invocations=39405 (full 764):
 PSYoungGen      total 2560K, used 2543K [0x00000000eab00000, 0x00000000eb000000, 0x0000000100000000)
  eden space 2048K, 99% used [0x00000000eab00000,0x00000000eacfbe10,0x00000000ead00000)
  from space 512K, 100% used [0x00000000ead80000,0x00000000eae00000,0x00000000eae00000)
  to   space 1536K, 0% used [0x00000000eae80000,0x00000000eae80000,0x00000000eb000000)
 ParOldGen       total 321024K, used 319093K [0x00000000c0000000, 0x00000000d3980000, 0x00000000eab00000)
  object space 321024K, 99% used [0x00000000c0000000,0x00000000d379d5f0,0x00000000d3980000)
 Metaspace       used 108931K, committed 110336K, reserved 1179648K
  class space    used 10521K, committed 11200K, reserved 1048576K
}
Event: 249871.941 GC heap after
{Heap after GC invocations=39405 (full 764):
 PSYoungGen      total 3072K, used 903K [0x00000000eab00000, 0x00000000eaf80000, 0x0000000100000000)
  eden space 2048K, 0% used [0x00000000eab00000,0x00000000eab00000,0x00000000ead00000)
  from space 1024K, 88% used [0x00000000eae80000,0x00000000eaf61cf8,0x00000000eaf80000)
  to   space 1024K, 0% used [0x00000000ead80000,0x00000000ead80000,0x00000000eae80000)
 ParOldGen       total 321024K, used 319617K [0x00000000c0000000, 0x00000000d3980000, 0x00000000eab00000)
  object space 321024K, 99% used [0x00000000c0000000,0x00000000d3820448,0x00000000d3980000)
 Metaspace       used 108931K, committed 110336K, reserved 1179648K
  class space    used 10521K, committed 11200K, reserved 1048576K
}
Event: 249871.953 GC heap before
{Heap before GC invocations=39406 (full 764):
 PSYoungGen      total 3072K, used 2951K [0x00000000eab00000, 0x00000000eaf80000, 0x0000000100000000)
  eden space 2048K, 100% used [0x00000000eab00000,0x00000000ead00000,0x00000000ead00000)
  from space 1024K, 88% used [0x00000000eae80000,0x00000000eaf61cf8,0x00000000eaf80000)
  to   space 1024K, 0% used [0x00000000ead80000,0x00000000ead80000,0x00000000eae80000)
 ParOldGen       total 321024K, used 319617K [0x00000000c0000000, 0x00000000d3980000, 0x00000000eab00000)
  object space 321024K, 99% used [0x00000000c0000000,0x00000000d3820448,0x00000000d3980000)
 Metaspace       used 108931K, committed 110336K, reserved 1179648K
  class space    used 10521K, committed 11200K, reserved 1048576K
}
Event: 249871.955 GC heap after
{Heap after GC invocations=39406 (full 764):
 PSYoungGen      total 3072K, used 656K [0x00000000eab00000, 0x00000000eaf00000, 0x0000000100000000)
  eden space 2048K, 0% used [0x00000000eab00000,0x00000000eab00000,0x00000000ead00000)
  from space 1024K, 64% used [0x00000000ead80000,0x00000000eae24010,0x00000000eae80000)
  to   space 512K, 0% used [0x00000000eae80000,0x00000000eae80000,0x00000000eaf00000)
 ParOldGen       total 321024K, used 320183K [0x00000000c0000000, 0x00000000d3980000, 0x00000000eab00000)
  object space 321024K, 99% used [0x00000000c0000000,0x00000000d38ade10,0x00000000d3980000)
 Metaspace       used 108931K, committed 110336K, reserved 1179648K
  class space    used 10521K, committed 11200K, reserved 1048576K
}
Event: 249871.967 GC heap before
{Heap before GC invocations=39407 (full 764):
 PSYoungGen      total 3072K, used 2704K [0x00000000eab00000, 0x00000000eaf00000, 0x0000000100000000)
  eden space 2048K, 100% used [0x00000000eab00000,0x00000000ead00000,0x00000000ead00000)
  from space 1024K, 64% used [0x00000000ead80000,0x00000000eae24010,0x00000000eae80000)
  to   space 512K, 0% used [0x00000000eae80000,0x00000000eae80000,0x00000000eaf00000)
 ParOldGen       total 321024K, used 320183K [0x00000000c0000000, 0x00000000d3980000, 0x00000000eab00000)
  object space 321024K, 99% used [0x00000000c0000000,0x00000000d38ade10,0x00000000d3980000)
 Metaspace       used 108931K, committed 110336K, reserved 1179648K
  class space    used 10521K, committed 11200K, reserved 1048576K
}
Event: 249871.969 GC heap after
{Heap after GC invocations=39407 (full 764):
 PSYoungGen      total 2560K, used 512K [0x00000000eab00000, 0x00000000eb000000, 0x0000000100000000)
  eden space 2048K, 0% used [0x00000000eab00000,0x00000000eab00000,0x00000000ead00000)
  from space 512K, 100% used [0x00000000eae80000,0x00000000eaf00000,0x00000000eaf00000)
  to   space 1536K, 0% used [0x00000000ead00000,0x00000000ead00000,0x00000000eae80000)
 ParOldGen       total 321024K, used 320985K [0x00000000c0000000, 0x00000000d3980000, 0x00000000eab00000)
  object space 321024K, 99% used [0x00000000c0000000,0x00000000d3976588,0x00000000d3980000)
 Metaspace       used 108931K, committed 110336K, reserved 1179648K
  class space    used 10521K, committed 11200K, reserved 1048576K
}
Event: 249871.969 GC heap before
{Heap before GC invocations=39408 (full 765):
 PSYoungGen      total 2560K, used 512K [0x00000000eab00000, 0x00000000eb000000, 0x0000000100000000)
  eden space 2048K, 0% used [0x00000000eab00000,0x00000000eab00000,0x00000000ead00000)
  from space 512K, 100% used [0x00000000eae80000,0x00000000eaf00000,0x00000000eaf00000)
  to   space 1536K, 0% used [0x00000000ead00000,0x00000000ead00000,0x00000000eae80000)
 ParOldGen       total 321024K, used 320985K [0x00000000c0000000, 0x00000000d3980000, 0x00000000eab00000)
  object space 321024K, 99% used [0x00000000c0000000,0x00000000d3976588,0x00000000d3980000)
 Metaspace       used 108931K, committed 110336K, reserved 1179648K
  class space    used 10521K, committed 11200K, reserved 1048576K
}

